<?xml version="1.0" encoding="utf-8"?><testsuites><testsuite name="imgtools" errors="0" failures="0" skipped="0" tests="4" time="7.796" timestamp="2025-03-11T17:24:15.871084+01:00" hostname="jermiahjosephmacbook.dyndns.cern.ch"><testcase classname="tests.test_plugin.TestStorage" name="test_storage" time="5.828" /><testcase classname="tests.test_plugin.TestStorage" name="test_storage_not_existing" time="0.857" /><testcase classname="tests.test_plugin.TestStorage" name="test_query_validation" time="0.001" /><testcase classname="tests.test_plugin.TestStorage" name="test_example_queries" time="0.001" /></testsuite></testsuites>